<?xml version="1.0" encoding="UTF-8"?>
<testng-results ignored="0" total="1" passed="1" failed="0" skipped="0">
  <reporter-output>
  </reporter-output>
  <suite started-at="2021-05-15T12:44:49 IST" name="Default suite" finished-at="2021-05-15T12:44:54 IST" duration-ms="4166">
    <groups>
    </groups>
    <test started-at="2021-05-15T12:44:49 IST" name="Default test" finished-at="2021-05-15T12:44:54 IST" duration-ms="4166">
      <class name="com.qa.test.rest.assured.api.TC002_Post_Request">
        <test-method signature="createUserDetails()[pri:0, instance:com.qa.test.rest.assured.api.TC002_Post_Request@117e949d]" started-at="2021-05-15T12:44:49 IST" name="createUserDetails" finished-at="2021-05-15T12:44:54 IST" duration-ms="4116" status="PASS">
          <reporter-output>
          </reporter-output>
        </test-method> <!-- createUserDetails -->
      </class> <!-- com.qa.test.rest.assured.api.TC002_Post_Request -->
    </test> <!-- Default test -->
  </suite> <!-- Default suite -->
</testng-results>
